3.396335199117660522e+03
3.316957747340202332e+03
3.275340193152427673e+03
3.237850148558616638e+03
3.199242081165313721e+03
3.162697119116783142e+03
3.130380740284919739e+03
3.104201351165771484e+03
3.080251173377037048e+03
3.057188807249069214e+03
3.038093519330024719e+03
3.016262185335159302e+03
2.996579768180847168e+03
2.977516415715217590e+03
2.958235035777091980e+03
2.940726924777030945e+03
2.921592208266258240e+03
2.903356253385543823e+03
2.886281483411788940e+03
2.868910709023475647e+03
2.852103168845176697e+03
2.835606729745864868e+03
2.819014874815940857e+03
2.805378571629524231e+03
2.789340667605400085e+03
2.775034240961074829e+03
2.762287117242813110e+03
2.750233090400695801e+03
2.736812393903732300e+03
2.725493920922279358e+03
2.715851579070091248e+03
2.705829895853996277e+03
2.696152527451515198e+03
2.688195000290870667e+03
2.680483283162117004e+03
2.672020640492439270e+03
2.664672456741333008e+03
2.659849364519119263e+03
2.653148846864700317e+03
2.647207143902778625e+03
