3.400105337023735046e+03
3.328217666268348694e+03
3.290448949098587036e+03
3.259453519582748413e+03
3.234971652746200562e+03
3.211610500097274780e+03
3.188721933603286743e+03
3.166289066433906555e+03
3.147111502170562744e+03
3.128866179704666138e+03
3.111657321691513062e+03
3.096574968099594116e+03
3.081985157370567322e+03
3.067645450353622437e+03
3.054603401422500610e+03
3.041138503074645996e+03
3.027873913407325745e+03
3.016306243538856506e+03
3.005473079800605774e+03
2.993375916719436646e+03
2.983185609698295593e+03
2.973163915514945984e+03
2.963723809123039246e+03
2.953340753078460693e+03
2.943784289240837097e+03
2.933890713453292847e+03
2.927292381882667542e+03
2.917759468317031860e+03
2.909617181777954102e+03
2.901896131157875061e+03
2.895511975288391113e+03
2.887392304897308350e+03
2.880544847965240479e+03
2.872866272091865540e+03
2.866898262858390808e+03
2.861405865311622620e+03
2.854047074913978577e+03
2.848136382222175598e+03
2.843628617644309998e+03
2.837410763263702393e+03
