3.366449597597122192e+03
3.253644079089164734e+03
3.190075683474540710e+03
3.137132972240447998e+03
3.095606787919998169e+03
3.055475757360458374e+03
3.018931512355804443e+03
2.988666289925575256e+03
2.956843998432159424e+03
2.927659026145935059e+03
2.897426343560218811e+03
2.869794433355331421e+03
2.839384200572967529e+03
2.811624007463455200e+03
2.786485918402671814e+03
2.762298309683799744e+03
2.740892514586448669e+03
2.719954040765762329e+03
2.701474740982055664e+03
2.684469920039176941e+03
2.668491602659225464e+03
2.653585173368453979e+03
2.641178573727607727e+03
2.628291307091712952e+03
2.617186598658561707e+03
2.608376560330390930e+03
2.599181310057640076e+03
2.590406609177589417e+03
2.583147855758666992e+03
2.575611718297004700e+03
2.571263659000396729e+03
2.565211534380912781e+03
2.559529933214187622e+03
2.555812410950660706e+03
2.552136097550392151e+03
2.547712655425071716e+03
2.545459522128105164e+03
2.540194065690040588e+03
2.536993257164955139e+03
2.534853081345558167e+03
