3.400208856463432312e+03
3.329192236423492432e+03
3.290141758561134338e+03
3.262189467310905457e+03
3.236583172678947449e+03
3.214434632897377014e+03
3.193501287341117859e+03
3.173771438121795654e+03
3.155126094579696655e+03
3.136783740520477295e+03
3.118856795668601990e+03
3.103476180315017700e+03
3.088480411648750305e+03
3.073526780366897583e+03
3.060554864764213562e+03
3.047861480712890625e+03
3.034883162021636963e+03
3.023294054269790649e+03
3.011228222727775574e+03
2.999880409359931946e+03
2.989829269647598267e+03
2.978803633809089661e+03
2.967871589660644531e+03
2.958206890702247620e+03
2.949696647167205811e+03
2.939307705760002136e+03
2.930945317745208740e+03
2.922571596264839172e+03
2.913114299774169922e+03
2.907562714576721191e+03
2.897431104660034180e+03
2.890925472855567932e+03
2.884673325657844543e+03
2.877375695228576660e+03
2.870184858202934265e+03
2.865855169415473938e+03
2.859524647474288940e+03
2.853338222980499268e+03
2.848287501811981201e+03
2.842372091770172119e+03
